This file contains any messages produced by compilers while
running configure, to aid debugging if configure makes a mistake.

It was created by Expand configure 2.0, which was
generated by GNU Autoconf 2.71.  Invocation command line was

  $ ./configure --prefix=/root/bin//xpn --enable-tcp_server --enable-mpi_server=/usr/bin/mpicc

## --------- ##
## Platform. ##
## --------- ##

hostname = 5bee0184ab60
uname -m = aarch64
uname -r = 5.15.49-linuxkit
uname -s = Linux
uname -v = #1 SMP PREEMPT Tue Sep 13 07:51:32 UTC 2022

/usr/bin/uname -p = aarch64
/bin/uname -X     = unknown

/bin/arch              = aarch64
/usr/bin/arch -k       = unknown
/usr/convex/getsysinfo = unknown
/usr/bin/hostinfo      = unknown
/bin/machine           = unknown
/usr/bin/oslevel       = unknown
/bin/universe          = unknown

PATH: /usr/local/sbin/
PATH: /usr/local/bin/
PATH: /usr/sbin/
PATH: /usr/bin/
PATH: /sbin/
PATH: /bin/


## ----------- ##
## Core tests. ##
## ----------- ##

configure:2625: looking for aux files: compile ar-lib missing config.guess config.sub install-sh
configure:2638:  trying ././config/
configure:2667:   ././config/compile found
configure:2667:   ././config/ar-lib found
configure:2667:   ././config/missing found
configure:2667:   ././config/config.guess found
configure:2667:   ././config/config.sub found
configure:2649:   ././config/install-sh found
configure:2797: checking for a BSD-compatible install
configure:2870: result: /usr/bin/install -c
configure:2929: checking for ranlib
configure:2950: found /usr/bin/ranlib
configure:2961: result: ranlib
configure:2993: checking build system type
configure:3008: result: aarch64-unknown-linux-gnu
configure:3028: checking host system type
configure:3042: result: aarch64-unknown-linux-gnu
configure:3062: checking target system type
configure:3076: result: aarch64-unknown-linux-gnu
configure:3107: checking whether build environment is sane
configure:3162: result: yes
configure:3321: checking for a race-free mkdir -p
configure:3365: result: /usr/bin/mkdir -p
configure:3372: checking for gawk
configure:3407: result: no
configure:3372: checking for mawk
configure:3393: found /usr/bin/mawk
configure:3404: result: mawk
configure:3415: checking whether make sets $(MAKE)
configure:3438: result: yes
configure:3468: checking whether make supports nested variables
configure:3486: result: yes
configure:3651: checking whether make supports the include directive
configure:3666: make -f confmf.GNU && cat confinc.out
this is the am__doit target
configure:3669: $? = 0
configure:3688: result: yes (GNU style)
configure:3764: checking for gcc
configure:3785: found /usr/bin/gcc
configure:3796: result: gcc
configure:4149: checking for C compiler version
configure:4158: gcc --version >&5
gcc (Ubuntu 11.3.0-1ubuntu1~22.04) 11.3.0
Copyright (C) 2021 Free Software Foundation, Inc.
This is free software; see the source for copying conditions.  There is NO
warranty; not even for MERCHANTABILITY or FITNESS FOR A PARTICULAR PURPOSE.

configure:4169: $? = 0
configure:4158: gcc -v >&5
Using built-in specs.
COLLECT_GCC=gcc
COLLECT_LTO_WRAPPER=/usr/lib/gcc/aarch64-linux-gnu/11/lto-wrapper
Target: aarch64-linux-gnu
Configured with: ../src/configure -v --with-pkgversion='Ubuntu 11.3.0-1ubuntu1~22.04' --with-bugurl=file:///usr/share/doc/gcc-11/README.Bugs --enable-languages=c,ada,c++,go,d,fortran,objc,obj-c++,m2 --prefix=/usr --with-gcc-major-version-only --program-suffix=-11 --program-prefix=aarch64-linux-gnu- --enable-shared --enable-linker-build-id --libexecdir=/usr/lib --without-included-gettext --enable-threads=posix --libdir=/usr/lib --enable-nls --enable-bootstrap --enable-clocale=gnu --enable-libstdcxx-debug --enable-libstdcxx-time=yes --with-default-libstdcxx-abi=new --enable-gnu-unique-object --disable-libquadmath --disable-libquadmath-support --enable-plugin --enable-default-pie --with-system-zlib --enable-libphobos-checking=release --with-target-system-zlib=auto --enable-objc-gc=auto --enable-multiarch --enable-fix-cortex-a53-843419 --disable-werror --enable-checking=release --build=aarch64-linux-gnu --host=aarch64-linux-gnu --target=aarch64-linux-gnu --with-build-config=bootstrap-lto-lean --enable-link-serialization=2
Thread model: posix
Supported LTO compression algorithms: zlib zstd
gcc version 11.3.0 (Ubuntu 11.3.0-1ubuntu1~22.04) 
configure:4169: $? = 0
configure:4158: gcc -V >&5
gcc: error: unrecognized command-line option '-V'
gcc: fatal error: no input files
compilation terminated.
configure:4169: $? = 1
configure:4158: gcc -qversion >&5
gcc: error: unrecognized command-line option '-qversion'; did you mean '--version'?
gcc: fatal error: no input files
compilation terminated.
configure:4169: $? = 1
configure:4158: gcc -version >&5
gcc: error: unrecognized command-line option '-version'
gcc: fatal error: no input files
compilation terminated.
configure:4169: $? = 1
configure:4189: checking whether the C compiler works
configure:4211: gcc    conftest.c  >&5
configure:4215: $? = 0
configure:4265: result: yes
configure:4268: checking for C compiler default output file name
configure:4270: result: a.out
configure:4276: checking for suffix of executables
configure:4283: gcc -o conftest    conftest.c  >&5
configure:4287: $? = 0
configure:4310: result: 
configure:4332: checking whether we are cross compiling
configure:4340: gcc -o conftest    conftest.c  >&5
configure:4344: $? = 0
configure:4351: ./conftest
configure:4355: $? = 0
configure:4370: result: no
configure:4375: checking for suffix of object files
configure:4398: gcc -c   conftest.c >&5
configure:4402: $? = 0
configure:4424: result: o
configure:4428: checking whether the compiler supports GNU C
configure:4448: gcc -c   conftest.c >&5
configure:4448: $? = 0
configure:4458: result: yes
configure:4469: checking whether gcc accepts -g
configure:4490: gcc -c -g  conftest.c >&5
configure:4490: $? = 0
configure:4534: result: yes
configure:4554: checking for gcc option to enable C11 features
configure:4569: gcc  -c -g -O2  conftest.c >&5
configure:4569: $? = 0
configure:4587: result: none needed
configure:4703: checking whether gcc understands -c and -o together
configure:4726: gcc -c conftest.c -o conftest2.o
configure:4729: $? = 0
configure:4726: gcc -c conftest.c -o conftest2.o
configure:4729: $? = 0
configure:4741: result: yes
configure:4760: checking dependency style of gcc
configure:4872: result: gcc3
configure:4943: checking for ar
configure:4964: found /usr/bin/ar
configure:4975: result: ar
configure:5001: checking the archiver (ar) interface
configure:5018: gcc -c -g -O2  conftest.c >&5
configure:5018: $? = 0
configure:5021: ar cru libconftest.a conftest.o >&5
ar: `u' modifier ignored since `D' is the default (see `U')
configure:5024: $? = 0
configure:5052: result: ar
configure:5076: checking whether make sets $(MAKE)
configure:5099: result: yes
configure:5230: checking for C compiler version
configure:5239: gcc --version >&5
gcc (Ubuntu 11.3.0-1ubuntu1~22.04) 11.3.0
Copyright (C) 2021 Free Software Foundation, Inc.
This is free software; see the source for copying conditions.  There is NO
warranty; not even for MERCHANTABILITY or FITNESS FOR A PARTICULAR PURPOSE.

configure:5250: $? = 0
configure:5239: gcc -v >&5
Using built-in specs.
COLLECT_GCC=gcc
COLLECT_LTO_WRAPPER=/usr/lib/gcc/aarch64-linux-gnu/11/lto-wrapper
Target: aarch64-linux-gnu
Configured with: ../src/configure -v --with-pkgversion='Ubuntu 11.3.0-1ubuntu1~22.04' --with-bugurl=file:///usr/share/doc/gcc-11/README.Bugs --enable-languages=c,ada,c++,go,d,fortran,objc,obj-c++,m2 --prefix=/usr --with-gcc-major-version-only --program-suffix=-11 --program-prefix=aarch64-linux-gnu- --enable-shared --enable-linker-build-id --libexecdir=/usr/lib --without-included-gettext --enable-threads=posix --libdir=/usr/lib --enable-nls --enable-bootstrap --enable-clocale=gnu --enable-libstdcxx-debug --enable-libstdcxx-time=yes --with-default-libstdcxx-abi=new --enable-gnu-unique-object --disable-libquadmath --disable-libquadmath-support --enable-plugin --enable-default-pie --with-system-zlib --enable-libphobos-checking=release --with-target-system-zlib=auto --enable-objc-gc=auto --enable-multiarch --enable-fix-cortex-a53-843419 --disable-werror --enable-checking=release --build=aarch64-linux-gnu --host=aarch64-linux-gnu --target=aarch64-linux-gnu --with-build-config=bootstrap-lto-lean --enable-link-serialization=2
Thread model: posix
Supported LTO compression algorithms: zlib zstd
gcc version 11.3.0 (Ubuntu 11.3.0-1ubuntu1~22.04) 
configure:5250: $? = 0
configure:5239: gcc -V >&5
gcc: error: unrecognized command-line option '-V'
gcc: fatal error: no input files
compilation terminated.
configure:5250: $? = 1
configure:5239: gcc -qversion >&5
gcc: error: unrecognized command-line option '-qversion'; did you mean '--version'?
gcc: fatal error: no input files
compilation terminated.
configure:5250: $? = 1
configure:5239: gcc -version >&5
gcc: error: unrecognized command-line option '-version'
gcc: fatal error: no input files
compilation terminated.
configure:5250: $? = 1
configure:5254: checking whether the compiler supports GNU C
configure:5284: result: yes
configure:5295: checking whether gcc accepts -g
configure:5360: result: yes
configure:5380: checking for gcc option to enable C11 features
configure:5413: result: none needed
configure:5529: checking whether gcc understands -c and -o together
configure:5567: result: yes
configure:5586: checking dependency style of gcc
configure:5698: result: gcc3
configure:5718: checking for pthread_create in -lpthread
configure:5741: gcc -o conftest -g -O2   conftest.c -lpthread   >&5
configure:5741: $? = 0
configure:5751: result: yes
configure:5766: checking for grep that handles long lines and -e
configure:5830: result: /usr/bin/grep
configure:5835: checking for egrep
configure:5903: result: /usr/bin/grep -E
configure:5909: checking for sys/wait.h that is POSIX.1 compatible
configure:5936: gcc -c -g -O2  conftest.c >&5
configure:5936: $? = 0
configure:5944: result: yes
configure:5956: checking for stdio.h
configure:5956: gcc -c -g -O2  conftest.c >&5
configure:5956: $? = 0
configure:5956: result: yes
configure:5956: checking for stdlib.h
configure:5956: gcc -c -g -O2  conftest.c >&5
configure:5956: $? = 0
configure:5956: result: yes
configure:5956: checking for string.h
configure:5956: gcc -c -g -O2  conftest.c >&5
configure:5956: $? = 0
configure:5956: result: yes
configure:5956: checking for inttypes.h
configure:5956: gcc -c -g -O2  conftest.c >&5
configure:5956: $? = 0
configure:5956: result: yes
configure:5956: checking for stdint.h
configure:5956: gcc -c -g -O2  conftest.c >&5
configure:5956: $? = 0
configure:5956: result: yes
configure:5956: checking for strings.h
configure:5956: gcc -c -g -O2  conftest.c >&5
configure:5956: $? = 0
configure:5956: result: yes
configure:5956: checking for sys/stat.h
configure:5956: gcc -c -g -O2  conftest.c >&5
configure:5956: $? = 0
configure:5956: result: yes
configure:5956: checking for sys/types.h
configure:5956: gcc -c -g -O2  conftest.c >&5
configure:5956: $? = 0
configure:5956: result: yes
configure:5956: checking for unistd.h
configure:5956: gcc -c -g -O2  conftest.c >&5
configure:5956: $? = 0
configure:5956: result: yes
configure:5956: checking for sys/time.h
configure:5956: gcc -c -g -O2  conftest.c >&5
configure:5956: $? = 0
configure:5956: result: yes
configure:5981: checking for fcntl.h
configure:5981: gcc -c -g -O2  conftest.c >&5
configure:5981: $? = 0
configure:5981: result: yes
configure:5987: checking for string.h
configure:5987: result: yes
configure:5993: checking for strings.h
configure:5993: result: yes
configure:5999: checking for unistd.h
configure:5999: result: yes
configure:6005: checking for sys/ioctl.h
configure:6005: gcc -c -g -O2  conftest.c >&5
configure:6005: $? = 0
configure:6005: result: yes
configure:6011: checking for sys/time.h
configure:6011: result: yes
configure:6017: checking for netinet/tcp.h
configure:6017: gcc -c -g -O2  conftest.c >&5
configure:6017: $? = 0
configure:6017: result: yes
configure:6023: checking for netinet/in.h
configure:6023: gcc -c -g -O2  conftest.c >&5
configure:6023: $? = 0
configure:6023: result: yes
configure:6029: checking for pthread.h
configure:6029: gcc -c -g -O2  conftest.c >&5
configure:6029: $? = 0
configure:6029: result: yes
configure:6035: checking for windows.h
configure:6035: gcc -c -g -O2  conftest.c >&5
conftest.c:61:10: fatal error: windows.h: No such file or directory
   61 | #include <windows.h>
      |          ^~~~~~~~~~~
compilation terminated.
configure:6035: $? = 1
configure: failed program was:
| /* confdefs.h */
| #define PACKAGE_NAME "Expand"
| #define PACKAGE_TARNAME "expand"
| #define PACKAGE_VERSION "2.0"
| #define PACKAGE_STRING "Expand 2.0"
| #define PACKAGE_BUGREPORT "fgcarbal@inf.uc3m.es"
| #define PACKAGE_URL ""
| #define PACKAGE "expand"
| #define VERSION "2.0"
| #define HAVE_LIBPTHREAD 1
| #define HAVE_SYS_WAIT_H 1
| #define HAVE_STDIO_H 1
| #define HAVE_STDLIB_H 1
| #define HAVE_STRING_H 1
| #define HAVE_INTTYPES_H 1
| #define HAVE_STDINT_H 1
| #define HAVE_STRINGS_H 1
| #define HAVE_SYS_STAT_H 1
| #define HAVE_SYS_TYPES_H 1
| #define HAVE_UNISTD_H 1
| #define HAVE_SYS_TIME_H 1
| #define STDC_HEADERS 1
| #define HAVE_FCNTL_H 1
| #define HAVE_STRING_H 1
| #define HAVE_STRINGS_H 1
| #define HAVE_UNISTD_H 1
| #define HAVE_SYS_IOCTL_H 1
| #define HAVE_SYS_TIME_H 1
| #define HAVE_NETINET_TCP_H 1
| #define HAVE_NETINET_IN_H 1
| #define HAVE_PTHREAD_H 1
| /* end confdefs.h.  */
| #include <stddef.h>
| #ifdef HAVE_STDIO_H
| # include <stdio.h>
| #endif
| #ifdef HAVE_STDLIB_H
| # include <stdlib.h>
| #endif
| #ifdef HAVE_STRING_H
| # include <string.h>
| #endif
| #ifdef HAVE_INTTYPES_H
| # include <inttypes.h>
| #endif
| #ifdef HAVE_STDINT_H
| # include <stdint.h>
| #endif
| #ifdef HAVE_STRINGS_H
| # include <strings.h>
| #endif
| #ifdef HAVE_SYS_TYPES_H
| # include <sys/types.h>
| #endif
| #ifdef HAVE_SYS_STAT_H
| # include <sys/stat.h>
| #endif
| #ifdef HAVE_UNISTD_H
| # include <unistd.h>
| #endif
| #include <windows.h>
configure:6035: result: no
configure:6041: checking for sys/param.h
configure:6041: gcc -c -g -O2  conftest.c >&5
configure:6041: $? = 0
configure:6041: result: yes
configure:6047: checking for dirent.h
configure:6047: gcc -c -g -O2  conftest.c >&5
configure:6047: $? = 0
configure:6047: result: yes
configure:6053: checking for rpc/rpc.h
configure:6053: gcc -c -g -O2  conftest.c >&5
conftest.c:63:10: fatal error: rpc/rpc.h: No such file or directory
   63 | #include <rpc/rpc.h>
      |          ^~~~~~~~~~~
compilation terminated.
configure:6053: $? = 1
configure: failed program was:
| /* confdefs.h */
| #define PACKAGE_NAME "Expand"
| #define PACKAGE_TARNAME "expand"
| #define PACKAGE_VERSION "2.0"
| #define PACKAGE_STRING "Expand 2.0"
| #define PACKAGE_BUGREPORT "fgcarbal@inf.uc3m.es"
| #define PACKAGE_URL ""
| #define PACKAGE "expand"
| #define VERSION "2.0"
| #define HAVE_LIBPTHREAD 1
| #define HAVE_SYS_WAIT_H 1
| #define HAVE_STDIO_H 1
| #define HAVE_STDLIB_H 1
| #define HAVE_STRING_H 1
| #define HAVE_INTTYPES_H 1
| #define HAVE_STDINT_H 1
| #define HAVE_STRINGS_H 1
| #define HAVE_SYS_STAT_H 1
| #define HAVE_SYS_TYPES_H 1
| #define HAVE_UNISTD_H 1
| #define HAVE_SYS_TIME_H 1
| #define STDC_HEADERS 1
| #define HAVE_FCNTL_H 1
| #define HAVE_STRING_H 1
| #define HAVE_STRINGS_H 1
| #define HAVE_UNISTD_H 1
| #define HAVE_SYS_IOCTL_H 1
| #define HAVE_SYS_TIME_H 1
| #define HAVE_NETINET_TCP_H 1
| #define HAVE_NETINET_IN_H 1
| #define HAVE_PTHREAD_H 1
| #define HAVE_SYS_PARAM_H 1
| #define HAVE_DIRENT_H 1
| /* end confdefs.h.  */
| #include <stddef.h>
| #ifdef HAVE_STDIO_H
| # include <stdio.h>
| #endif
| #ifdef HAVE_STDLIB_H
| # include <stdlib.h>
| #endif
| #ifdef HAVE_STRING_H
| # include <string.h>
| #endif
| #ifdef HAVE_INTTYPES_H
| # include <inttypes.h>
| #endif
| #ifdef HAVE_STDINT_H
| # include <stdint.h>
| #endif
| #ifdef HAVE_STRINGS_H
| # include <strings.h>
| #endif
| #ifdef HAVE_SYS_TYPES_H
| # include <sys/types.h>
| #endif
| #ifdef HAVE_SYS_STAT_H
| # include <sys/stat.h>
| #endif
| #ifdef HAVE_UNISTD_H
| # include <unistd.h>
| #endif
| #include <rpc/rpc.h>
configure:6053: result: no
configure:6059: checking for rpc/clnt.h
configure:6059: gcc -c -g -O2  conftest.c >&5
conftest.c:63:10: fatal error: rpc/clnt.h: No such file or directory
   63 | #include <rpc/clnt.h>
      |          ^~~~~~~~~~~~
compilation terminated.
configure:6059: $? = 1
configure: failed program was:
| /* confdefs.h */
| #define PACKAGE_NAME "Expand"
| #define PACKAGE_TARNAME "expand"
| #define PACKAGE_VERSION "2.0"
| #define PACKAGE_STRING "Expand 2.0"
| #define PACKAGE_BUGREPORT "fgcarbal@inf.uc3m.es"
| #define PACKAGE_URL ""
| #define PACKAGE "expand"
| #define VERSION "2.0"
| #define HAVE_LIBPTHREAD 1
| #define HAVE_SYS_WAIT_H 1
| #define HAVE_STDIO_H 1
| #define HAVE_STDLIB_H 1
| #define HAVE_STRING_H 1
| #define HAVE_INTTYPES_H 1
| #define HAVE_STDINT_H 1
| #define HAVE_STRINGS_H 1
| #define HAVE_SYS_STAT_H 1
| #define HAVE_SYS_TYPES_H 1
| #define HAVE_UNISTD_H 1
| #define HAVE_SYS_TIME_H 1
| #define STDC_HEADERS 1
| #define HAVE_FCNTL_H 1
| #define HAVE_STRING_H 1
| #define HAVE_STRINGS_H 1
| #define HAVE_UNISTD_H 1
| #define HAVE_SYS_IOCTL_H 1
| #define HAVE_SYS_TIME_H 1
| #define HAVE_NETINET_TCP_H 1
| #define HAVE_NETINET_IN_H 1
| #define HAVE_PTHREAD_H 1
| #define HAVE_SYS_PARAM_H 1
| #define HAVE_DIRENT_H 1
| /* end confdefs.h.  */
| #include <stddef.h>
| #ifdef HAVE_STDIO_H
| # include <stdio.h>
| #endif
| #ifdef HAVE_STDLIB_H
| # include <stdlib.h>
| #endif
| #ifdef HAVE_STRING_H
| # include <string.h>
| #endif
| #ifdef HAVE_INTTYPES_H
| # include <inttypes.h>
| #endif
| #ifdef HAVE_STDINT_H
| # include <stdint.h>
| #endif
| #ifdef HAVE_STRINGS_H
| # include <strings.h>
| #endif
| #ifdef HAVE_SYS_TYPES_H
| # include <sys/types.h>
| #endif
| #ifdef HAVE_SYS_STAT_H
| # include <sys/stat.h>
| #endif
| #ifdef HAVE_UNISTD_H
| # include <unistd.h>
| #endif
| #include <rpc/clnt.h>
configure:6059: result: no
configure:6065: checking for rpc/types.h
configure:6065: gcc -c -g -O2  conftest.c >&5
conftest.c:63:10: fatal error: rpc/types.h: No such file or directory
   63 | #include <rpc/types.h>
      |          ^~~~~~~~~~~~~
compilation terminated.
configure:6065: $? = 1
configure: failed program was:
| /* confdefs.h */
| #define PACKAGE_NAME "Expand"
| #define PACKAGE_TARNAME "expand"
| #define PACKAGE_VERSION "2.0"
| #define PACKAGE_STRING "Expand 2.0"
| #define PACKAGE_BUGREPORT "fgcarbal@inf.uc3m.es"
| #define PACKAGE_URL ""
| #define PACKAGE "expand"
| #define VERSION "2.0"
| #define HAVE_LIBPTHREAD 1
| #define HAVE_SYS_WAIT_H 1
| #define HAVE_STDIO_H 1
| #define HAVE_STDLIB_H 1
| #define HAVE_STRING_H 1
| #define HAVE_INTTYPES_H 1
| #define HAVE_STDINT_H 1
| #define HAVE_STRINGS_H 1
| #define HAVE_SYS_STAT_H 1
| #define HAVE_SYS_TYPES_H 1
| #define HAVE_UNISTD_H 1
| #define HAVE_SYS_TIME_H 1
| #define STDC_HEADERS 1
| #define HAVE_FCNTL_H 1
| #define HAVE_STRING_H 1
| #define HAVE_STRINGS_H 1
| #define HAVE_UNISTD_H 1
| #define HAVE_SYS_IOCTL_H 1
| #define HAVE_SYS_TIME_H 1
| #define HAVE_NETINET_TCP_H 1
| #define HAVE_NETINET_IN_H 1
| #define HAVE_PTHREAD_H 1
| #define HAVE_SYS_PARAM_H 1
| #define HAVE_DIRENT_H 1
| /* end confdefs.h.  */
| #include <stddef.h>
| #ifdef HAVE_STDIO_H
| # include <stdio.h>
| #endif
| #ifdef HAVE_STDLIB_H
| # include <stdlib.h>
| #endif
| #ifdef HAVE_STRING_H
| # include <string.h>
| #endif
| #ifdef HAVE_INTTYPES_H
| # include <inttypes.h>
| #endif
| #ifdef HAVE_STDINT_H
| # include <stdint.h>
| #endif
| #ifdef HAVE_STRINGS_H
| # include <strings.h>
| #endif
| #ifdef HAVE_SYS_TYPES_H
| # include <sys/types.h>
| #endif
| #ifdef HAVE_SYS_STAT_H
| # include <sys/stat.h>
| #endif
| #ifdef HAVE_UNISTD_H
| # include <unistd.h>
| #endif
| #include <rpc/types.h>
configure:6065: result: no
configure:6076: checking for an ANSI C-conforming const
configure:6143: gcc -c -g -O2  conftest.c >&5
configure:6143: $? = 0
configure:6151: result: yes
configure:6162: checking for ptrdiff_t
configure:6162: gcc -c -g -O2  conftest.c >&5
configure:6162: $? = 0
configure:6162: gcc -c -g -O2  conftest.c >&5
conftest.c: In function 'main':
conftest.c:66:24: error: expected expression before ')' token
   66 | if (sizeof ((ptrdiff_t)))
      |                        ^
configure:6162: $? = 1
configure: failed program was:
| /* confdefs.h */
| #define PACKAGE_NAME "Expand"
| #define PACKAGE_TARNAME "expand"
| #define PACKAGE_VERSION "2.0"
| #define PACKAGE_STRING "Expand 2.0"
| #define PACKAGE_BUGREPORT "fgcarbal@inf.uc3m.es"
| #define PACKAGE_URL ""
| #define PACKAGE "expand"
| #define VERSION "2.0"
| #define HAVE_LIBPTHREAD 1
| #define HAVE_SYS_WAIT_H 1
| #define HAVE_STDIO_H 1
| #define HAVE_STDLIB_H 1
| #define HAVE_STRING_H 1
| #define HAVE_INTTYPES_H 1
| #define HAVE_STDINT_H 1
| #define HAVE_STRINGS_H 1
| #define HAVE_SYS_STAT_H 1
| #define HAVE_SYS_TYPES_H 1
| #define HAVE_UNISTD_H 1
| #define HAVE_SYS_TIME_H 1
| #define STDC_HEADERS 1
| #define HAVE_FCNTL_H 1
| #define HAVE_STRING_H 1
| #define HAVE_STRINGS_H 1
| #define HAVE_UNISTD_H 1
| #define HAVE_SYS_IOCTL_H 1
| #define HAVE_SYS_TIME_H 1
| #define HAVE_NETINET_TCP_H 1
| #define HAVE_NETINET_IN_H 1
| #define HAVE_PTHREAD_H 1
| #define HAVE_SYS_PARAM_H 1
| #define HAVE_DIRENT_H 1
| /* end confdefs.h.  */
| #include <stddef.h>
| #ifdef HAVE_STDIO_H
| # include <stdio.h>
| #endif
| #ifdef HAVE_STDLIB_H
| # include <stdlib.h>
| #endif
| #ifdef HAVE_STRING_H
| # include <string.h>
| #endif
| #ifdef HAVE_INTTYPES_H
| # include <inttypes.h>
| #endif
| #ifdef HAVE_STDINT_H
| # include <stdint.h>
| #endif
| #ifdef HAVE_STRINGS_H
| # include <strings.h>
| #endif
| #ifdef HAVE_SYS_TYPES_H
| # include <sys/types.h>
| #endif
| #ifdef HAVE_SYS_STAT_H
| # include <sys/stat.h>
| #endif
| #ifdef HAVE_UNISTD_H
| # include <unistd.h>
| #endif
| int
| main (void)
| {
| if (sizeof ((ptrdiff_t)))
| 	    return 0;
|   ;
|   return 0;
| }
configure:6162: result: yes
configure:6173: checking for pid_t
configure:6173: gcc -c -g -O2  conftest.c >&5
configure:6173: $? = 0
configure:6173: gcc -c -g -O2  conftest.c >&5
conftest.c: In function 'main':
conftest.c:67:20: error: expected expression before ')' token
   67 | if (sizeof ((pid_t)))
      |                    ^
configure:6173: $? = 1
configure: failed program was:
| /* confdefs.h */
| #define PACKAGE_NAME "Expand"
| #define PACKAGE_TARNAME "expand"
| #define PACKAGE_VERSION "2.0"
| #define PACKAGE_STRING "Expand 2.0"
| #define PACKAGE_BUGREPORT "fgcarbal@inf.uc3m.es"
| #define PACKAGE_URL ""
| #define PACKAGE "expand"
| #define VERSION "2.0"
| #define HAVE_LIBPTHREAD 1
| #define HAVE_SYS_WAIT_H 1
| #define HAVE_STDIO_H 1
| #define HAVE_STDLIB_H 1
| #define HAVE_STRING_H 1
| #define HAVE_INTTYPES_H 1
| #define HAVE_STDINT_H 1
| #define HAVE_STRINGS_H 1
| #define HAVE_SYS_STAT_H 1
| #define HAVE_SYS_TYPES_H 1
| #define HAVE_UNISTD_H 1
| #define HAVE_SYS_TIME_H 1
| #define STDC_HEADERS 1
| #define HAVE_FCNTL_H 1
| #define HAVE_STRING_H 1
| #define HAVE_STRINGS_H 1
| #define HAVE_UNISTD_H 1
| #define HAVE_SYS_IOCTL_H 1
| #define HAVE_SYS_TIME_H 1
| #define HAVE_NETINET_TCP_H 1
| #define HAVE_NETINET_IN_H 1
| #define HAVE_PTHREAD_H 1
| #define HAVE_SYS_PARAM_H 1
| #define HAVE_DIRENT_H 1
| /* end confdefs.h.  */
| #include <stddef.h>
| #ifdef HAVE_STDIO_H
| # include <stdio.h>
| #endif
| #ifdef HAVE_STDLIB_H
| # include <stdlib.h>
| #endif
| #ifdef HAVE_STRING_H
| # include <string.h>
| #endif
| #ifdef HAVE_INTTYPES_H
| # include <inttypes.h>
| #endif
| #ifdef HAVE_STDINT_H
| # include <stdint.h>
| #endif
| #ifdef HAVE_STRINGS_H
| # include <strings.h>
| #endif
| #ifdef HAVE_SYS_TYPES_H
| # include <sys/types.h>
| #endif
| #ifdef HAVE_SYS_STAT_H
| # include <sys/stat.h>
| #endif
| #ifdef HAVE_UNISTD_H
| # include <unistd.h>
| #endif
| 
| int
| main (void)
| {
| if (sizeof ((pid_t)))
| 	    return 0;
|   ;
|   return 0;
| }
configure:6173: result: yes
configure:6209: checking for size_t
configure:6209: gcc -c -g -O2  conftest.c >&5
configure:6209: $? = 0
configure:6209: gcc -c -g -O2  conftest.c >&5
conftest.c: In function 'main':
conftest.c:66:21: error: expected expression before ')' token
   66 | if (sizeof ((size_t)))
      |                     ^
configure:6209: $? = 1
configure: failed program was:
| /* confdefs.h */
| #define PACKAGE_NAME "Expand"
| #define PACKAGE_TARNAME "expand"
| #define PACKAGE_VERSION "2.0"
| #define PACKAGE_STRING "Expand 2.0"
| #define PACKAGE_BUGREPORT "fgcarbal@inf.uc3m.es"
| #define PACKAGE_URL ""
| #define PACKAGE "expand"
| #define VERSION "2.0"
| #define HAVE_LIBPTHREAD 1
| #define HAVE_SYS_WAIT_H 1
| #define HAVE_STDIO_H 1
| #define HAVE_STDLIB_H 1
| #define HAVE_STRING_H 1
| #define HAVE_INTTYPES_H 1
| #define HAVE_STDINT_H 1
| #define HAVE_STRINGS_H 1
| #define HAVE_SYS_STAT_H 1
| #define HAVE_SYS_TYPES_H 1
| #define HAVE_UNISTD_H 1
| #define HAVE_SYS_TIME_H 1
| #define STDC_HEADERS 1
| #define HAVE_FCNTL_H 1
| #define HAVE_STRING_H 1
| #define HAVE_STRINGS_H 1
| #define HAVE_UNISTD_H 1
| #define HAVE_SYS_IOCTL_H 1
| #define HAVE_SYS_TIME_H 1
| #define HAVE_NETINET_TCP_H 1
| #define HAVE_NETINET_IN_H 1
| #define HAVE_PTHREAD_H 1
| #define HAVE_SYS_PARAM_H 1
| #define HAVE_DIRENT_H 1
| /* end confdefs.h.  */
| #include <stddef.h>
| #ifdef HAVE_STDIO_H
| # include <stdio.h>
| #endif
| #ifdef HAVE_STDLIB_H
| # include <stdlib.h>
| #endif
| #ifdef HAVE_STRING_H
| # include <string.h>
| #endif
| #ifdef HAVE_INTTYPES_H
| # include <inttypes.h>
| #endif
| #ifdef HAVE_STDINT_H
| # include <stdint.h>
| #endif
| #ifdef HAVE_STRINGS_H
| # include <strings.h>
| #endif
| #ifdef HAVE_SYS_TYPES_H
| # include <sys/types.h>
| #endif
| #ifdef HAVE_SYS_STAT_H
| # include <sys/stat.h>
| #endif
| #ifdef HAVE_UNISTD_H
| # include <unistd.h>
| #endif
| int
| main (void)
| {
| if (sizeof ((size_t)))
| 	    return 0;
|   ;
|   return 0;
| }
configure:6209: result: yes
configure:6223: checking size of unsigned short
configure:6229: gcc -o conftest -g -O2   conftest.c -lpthread  >&5
configure:6229: $? = 0
configure:6229: ./conftest
configure:6229: $? = 0
configure:6244: result: 2
configure:6256: checking size of unsigned
configure:6262: gcc -o conftest -g -O2   conftest.c -lpthread  >&5
configure:6262: $? = 0
configure:6262: ./conftest
configure:6262: $? = 0
configure:6277: result: 4
configure:6289: checking size of unsigned long
configure:6295: gcc -o conftest -g -O2   conftest.c -lpthread  >&5
configure:6295: $? = 0
configure:6295: ./conftest
configure:6295: $? = 0
configure:6310: result: 8
configure:6322: checking size of char *
configure:6328: gcc -o conftest -g -O2   conftest.c -lpthread  >&5
configure:6328: $? = 0
configure:6328: ./conftest
configure:6328: $? = 0
configure:6343: result: 8
configure:6355: checking size of ptrdiff_t
configure:6361: gcc -o conftest -g -O2   conftest.c -lpthread  >&5
configure:6361: $? = 0
configure:6361: ./conftest
configure:6361: $? = 0
configure:6376: result: 8
configure:6388: checking size of size_t
configure:6394: gcc -o conftest -g -O2   conftest.c -lpthread  >&5
configure:6394: $? = 0
configure:6394: ./conftest
configure:6394: $? = 0
configure:6409: result: 8
configure:6425: checking for vprintf
configure:6425: gcc -o conftest -g -O2   conftest.c -lpthread  >&5
conftest.c:57:6: warning: conflicting types for built-in function 'vprintf'; expected 'int(const char *, __va_list)' [-Wbuiltin-declaration-mismatch]
   57 | char vprintf ();
      |      ^~~~~~~
conftest.c:49:1: note: 'vprintf' is declared in header '<stdio.h>'
   48 | #include <limits.h>
   49 | #undef vprintf
configure:6425: $? = 0
configure:6425: result: yes
configure:6446: checking for gethostname
configure:6446: gcc -o conftest -g -O2   conftest.c -lpthread  >&5
configure:6446: $? = 0
configure:6446: result: yes
configure:6452: checking for gettimeofday
configure:6452: gcc -o conftest -g -O2   conftest.c -lpthread  >&5
configure:6452: $? = 0
configure:6452: result: yes
configure:6458: checking for select
configure:6458: gcc -o conftest -g -O2   conftest.c -lpthread  >&5
configure:6458: $? = 0
configure:6458: result: yes
configure:6464: checking for socket
configure:6464: gcc -o conftest -g -O2   conftest.c -lpthread  >&5
configure:6464: $? = 0
configure:6464: result: yes
configure:6470: checking for strdup
configure:6470: gcc -o conftest -g -O2   conftest.c -lpthread  >&5
conftest.c:62:6: warning: conflicting types for built-in function 'strdup'; expected 'char *(const char *)' [-Wbuiltin-declaration-mismatch]
   62 | char strdup ();
      |      ^~~~~~
configure:6470: $? = 0
configure:6470: result: yes
configure:6476: checking for strerror
configure:6476: gcc -o conftest -g -O2   conftest.c -lpthread  >&5
configure:6476: $? = 0
configure:6476: result: yes
configure:6483: checking for memcmp
configure:6483: gcc -o conftest -g -O2   conftest.c -lpthread  >&5
conftest.c:64:6: warning: conflicting types for built-in function 'memcmp'; expected 'int(const void *, const void *, long unsigned int)' [-Wbuiltin-declaration-mismatch]
   64 | char memcmp ();
      |      ^~~~~~
conftest.c:56:1: note: 'memcmp' is declared in header '<string.h>'
   55 | #include <limits.h>
   56 | #undef memcmp
configure:6483: $? = 0
configure:6483: result: yes
configure:6489: checking for memcpy
configure:6489: gcc -o conftest -g -O2   conftest.c -lpthread  >&5
conftest.c:65:6: warning: conflicting types for built-in function 'memcpy'; expected 'void *(void *, const void *, long unsigned int)' [-Wbuiltin-declaration-mismatch]
   65 | char memcpy ();
      |      ^~~~~~
conftest.c:57:1: note: 'memcpy' is declared in header '<string.h>'
   56 | #include <limits.h>
   57 | #undef memcpy
configure:6489: $? = 0
configure:6489: result: yes
configure:6495: checking for memmove
configure:6495: gcc -o conftest -g -O2   conftest.c -lpthread  >&5
conftest.c:66:6: warning: conflicting types for built-in function 'memmove'; expected 'void *(void *, const void *, long unsigned int)' [-Wbuiltin-declaration-mismatch]
   66 | char memmove ();
      |      ^~~~~~~
conftest.c:58:1: note: 'memmove' is declared in header '<string.h>'
   57 | #include <limits.h>
   58 | #undef memmove
configure:6495: $? = 0
configure:6495: result: yes
configure:6501: checking for memset
configure:6501: gcc -o conftest -g -O2   conftest.c -lpthread  >&5
conftest.c:67:6: warning: conflicting types for built-in function 'memset'; expected 'void *(void *, int,  long unsigned int)' [-Wbuiltin-declaration-mismatch]
   67 | char memset ();
      |      ^~~~~~
conftest.c:59:1: note: 'memset' is declared in header '<string.h>'
   58 | #include <limits.h>
   59 | #undef memset
configure:6501: $? = 0
configure:6501: result: yes
configure:6586: result: "aarch64"
configure:6588: result: "linux-gnu"
configure:6843: checking that generated files are newer than configure
configure:6849: result: done
configure:6900: creating ./config.status

## ---------------------- ##
## Running config.status. ##
## ---------------------- ##

This file was extended by Expand config.status 2.0, which was
generated by GNU Autoconf 2.71.  Invocation command line was

  CONFIG_FILES    = 
  CONFIG_HEADERS  = 
  CONFIG_LINKS    = 
  CONFIG_COMMANDS = 
  $ ./config.status 

on 5bee0184ab60

config.status:928: creating Makefile
config.status:928: creating src/base/Makefile
config.status:928: creating src/xpn_client/Makefile
config.status:928: creating src/utils/Makefile
config.status:928: creating src/bypass/Makefile
config.status:928: creating src/mpi_server/Makefile
config.status:928: creating src/tcp_server/Makefile
config.status:928: creating include/config.h
config.status:1109: include/config.h is unchanged
config.status:1157: executing depfiles commands
config.status:1234: cd src/base       && sed -e '/# am--include-marker/d' Makefile         | make -f - am--depfiles
config.status:1239: $? = 0
config.status:1234: cd src/xpn_client       && sed -e '/# am--include-marker/d' Makefile         | make -f - am--depfiles
config.status:1239: $? = 0
config.status:1234: cd src/utils       && sed -e '/# am--include-marker/d' Makefile         | make -f - am--depfiles
config.status:1239: $? = 0

## ---------------- ##
## Cache variables. ##
## ---------------- ##

ac_cv_build=aarch64-unknown-linux-gnu
ac_cv_c_compiler_gnu=yes
ac_cv_c_const=yes
ac_cv_env_CC_set=
ac_cv_env_CC_value=
ac_cv_env_CFLAGS_set=
ac_cv_env_CFLAGS_value=
ac_cv_env_CPPFLAGS_set=
ac_cv_env_CPPFLAGS_value=
ac_cv_env_LDFLAGS_set=
ac_cv_env_LDFLAGS_value=
ac_cv_env_LIBS_set=
ac_cv_env_LIBS_value=
ac_cv_env_build_alias_set=
ac_cv_env_build_alias_value=
ac_cv_env_host_alias_set=
ac_cv_env_host_alias_value=
ac_cv_env_target_alias_set=
ac_cv_env_target_alias_value=
ac_cv_func_gethostname=yes
ac_cv_func_gettimeofday=yes
ac_cv_func_memcmp=yes
ac_cv_func_memcpy=yes
ac_cv_func_memmove=yes
ac_cv_func_memset=yes
ac_cv_func_select=yes
ac_cv_func_socket=yes
ac_cv_func_strdup=yes
ac_cv_func_strerror=yes
ac_cv_func_vprintf=yes
ac_cv_header_dirent_h=yes
ac_cv_header_fcntl_h=yes
ac_cv_header_inttypes_h=yes
ac_cv_header_netinet_in_h=yes
ac_cv_header_netinet_tcp_h=yes
ac_cv_header_pthread_h=yes
ac_cv_header_rpc_clnt_h=no
ac_cv_header_rpc_rpc_h=no
ac_cv_header_rpc_types_h=no
ac_cv_header_stdint_h=yes
ac_cv_header_stdio_h=yes
ac_cv_header_stdlib_h=yes
ac_cv_header_string_h=yes
ac_cv_header_strings_h=yes
ac_cv_header_sys_ioctl_h=yes
ac_cv_header_sys_param_h=yes
ac_cv_header_sys_stat_h=yes
ac_cv_header_sys_time_h=yes
ac_cv_header_sys_types_h=yes
ac_cv_header_sys_wait_h=yes
ac_cv_header_unistd_h=yes
ac_cv_header_windows_h=no
ac_cv_host=aarch64-unknown-linux-gnu
ac_cv_lib_pthread_pthread_create=yes
ac_cv_objext=o
ac_cv_path_EGREP='/usr/bin/grep -E'
ac_cv_path_GREP=/usr/bin/grep
ac_cv_path_install='/usr/bin/install -c'
ac_cv_path_mkdir=/usr/bin/mkdir
ac_cv_prog_AWK=mawk
ac_cv_prog_ac_ct_AR=ar
ac_cv_prog_ac_ct_CC=gcc
ac_cv_prog_ac_ct_RANLIB=ranlib
ac_cv_prog_cc_c11=
ac_cv_prog_cc_g=yes
ac_cv_prog_cc_stdc=
ac_cv_prog_make_make_set=yes
ac_cv_sizeof_char_p=8
ac_cv_sizeof_ptrdiff_t=8
ac_cv_sizeof_size_t=8
ac_cv_sizeof_unsigned=4
ac_cv_sizeof_unsigned_long=8
ac_cv_sizeof_unsigned_short=2
ac_cv_target=aarch64-unknown-linux-gnu
ac_cv_type_pid_t=yes
ac_cv_type_ptrdiff_t=yes
ac_cv_type_size_t=yes
am_cv_CC_dependencies_compiler_type=gcc3
am_cv_ar_interface=ar
am_cv_make_support_nested_variables=yes
am_cv_prog_cc_c_o=yes

## ----------------- ##
## Output variables. ##
## ----------------- ##

ACLOCAL='${SHELL} '\''/work/export/xpn/config/missing'\'' aclocal-1.16'
AMDEPBACKSLASH='\'
AMDEP_FALSE='#'
AMDEP_TRUE=''
AMTAR='$${TAR-tar}'
AM_BACKSLASH='\'
AM_DEFAULT_V='$(AM_DEFAULT_VERBOSITY)'
AM_DEFAULT_VERBOSITY='1'
AM_V='$(V)'
AR='ar'
AUTOCONF='${SHELL} '\''/work/export/xpn/config/missing'\'' autoconf'
AUTOHEADER='${SHELL} '\''/work/export/xpn/config/missing'\'' autoheader'
AUTOMAKE='${SHELL} '\''/work/export/xpn/config/missing'\'' automake-1.16'
AWK='mawk'
CC='/usr/bin/mpicc'
CCDEPMODE='depmode=gcc3'
CDEFS='-D_REENTRANT -DPOSIX_THREADS -DHAVE_CONFIG_H -DLINUX -DXPNI_LOWFSI_XPN -D_GNU_SOURCE -D_FILE_OFFSET_BITS=64 -DENABLE_MXML -DENABLE_TCP_SERVER -DENABLE_MPI_SERVER'
CFLAGS='    -I../../mxml    -I../../xpn/include    -I../../xpn/include/xpn_client    -I../../xpn/include/base -I../../../mxml -I../../../xpn/include -I../../../xpn/include/xpn_client -I../../../xpn/include/base  -fPIC -O2 -g -std=c11'
CPPFLAGS='-D_REENTRANT -DPOSIX_THREADS -DHAVE_CONFIG_H -DLINUX -DXPNI_LOWFSI_XPN -D_GNU_SOURCE -D_FILE_OFFSET_BITS=64 -DENABLE_MXML -DENABLE_TCP_SERVER -DENABLE_MPI_SERVER -I$(top_srcdir)/include -I$(top_srcdir)/include/base -I$(top_srcdir)/include/xpn_client/ -I$(top_srcdir)/include/xpn_client/xpn -I$(top_srcdir)/include/xpn_client/xpn/xpn_simple -I$(top_srcdir)/include/xpn_client/nfi -I$(top_srcdir)/include/xpn_client/nfi/nfi_local -I$(top_srcdir)/include/xpn_client/xpni/ -I$(top_srcdir)/include/xpn_client/xpni/common -I$(top_srcdir)/include/xpn_client/xpni/xpni_null -I$(top_srcdir)/include/xpn_client/xpni/xpni_ft -I$(top_srcdir)/include/xpn_client/xpni/xpni_log -I$(top_srcdir)/include/xpn_client/nfi/nfi_tcp_server -I$(top_srcdir)/include/xpn_client/nfi/nfi_mpi_server  '
CSCOPE='cscope'
CTAGS='ctags'
CYGPATH_W='echo'
DEFS='-DHAVE_CONFIG_H'
DEPDIR='.deps'
ECHO_C=''
ECHO_N='-n'
ECHO_T=''
EGREP='/usr/bin/grep -E'
ENABLE_MPI_SERVER_FALSE='#'
ENABLE_MPI_SERVER_TRUE=''
ENABLE_NFS3_FALSE=''
ENABLE_NFS3_TRUE='#'
ENABLE_NFS_FALSE=''
ENABLE_NFS_TRUE='#'
ENABLE_TCP_SERVER_FALSE='#'
ENABLE_TCP_SERVER_TRUE=''
ETAGS='etags'
EXEEXT=''
GREP='/usr/bin/grep'
INSTALL_DATA='${INSTALL} -m 644'
INSTALL_PROGRAM='${INSTALL}'
INSTALL_SCRIPT='${INSTALL}'
INSTALL_STRIP_PROGRAM='$(install_sh) -c -s'
LDFLAGS='-lpthread     -L../../mxml    -L../../xpn/lib -L../../../mxml -L../../../xpn/lib  -lmxml -ldl -lpthread'
LIBLINK='-lpthread'
LIBOBJS=''
LIBS='    -L../../mxml    -L../../xpn/lib -L../../../mxml -L../../../xpn/lib  -lmxml -ldl -lpthread'
LTLIBOBJS=''
MAKE='make'
MAKEINFO='${SHELL} '\''/work/export/xpn/config/missing'\'' makeinfo'
MKDIR_P='/usr/bin/mkdir -p'
M_HEADERS=''
NFI_MPI_SERVER='nfi_mpi_server'
NFI_MPI_SERVER_OBJECTS='$(NFI_MPI_SERVER_OBJECTS)'
NFI_NFS3=''
NFI_NFS3_OBJECTS=''
NFI_NFS=''
NFI_NFS_OBJECTS=''
NFI_TCP_SERVER='nfi_tcp_server'
NFI_TCP_SERVER_OBJECTS='$(NFI_TCP_SERVER_OBJECTS)'
OBJEXT='o'
OS='__LINUX__'
PACKAGE='expand'
PACKAGE_BUGREPORT='fgcarbal@inf.uc3m.es'
PACKAGE_NAME='Expand'
PACKAGE_STRING='Expand 2.0'
PACKAGE_TARNAME='expand'
PACKAGE_URL=''
PACKAGE_VERSION='2.0'
PATH_SEPARATOR=':'
RANLIB='ranlib'
SET_MAKE=''
SHELL='/bin/bash'
STRIP=''
VERSION='2.0'
ac_ct_AR='ar'
ac_ct_CC='gcc'
am__EXEEXT_FALSE=''
am__EXEEXT_TRUE='#'
am__fastdepCC_FALSE='#'
am__fastdepCC_TRUE=''
am__include='include'
am__isrc=''
am__leading_dot='.'
am__nodep='_no'
am__quote=''
am__tar='$${TAR-tar} chof - "$$tardir"'
am__untar='$${TAR-tar} xf -'
bindir='${exec_prefix}/bin'
build='aarch64-unknown-linux-gnu'
build_alias=''
build_cpu='aarch64'
build_os='linux-gnu'
build_vendor='unknown'
datadir='${datarootdir}'
datarootdir='${prefix}/share'
docdir='${datarootdir}/doc/${PACKAGE_TARNAME}'
dvidir='${docdir}'
exec_prefix='${prefix}'
host='aarch64-unknown-linux-gnu'
host_alias=''
host_cpu='aarch64'
host_os='linux-gnu'
host_vendor='unknown'
htmldir='${docdir}'
includedir='${prefix}/include'
infodir='${datarootdir}/info'
install_sh='${SHELL} /work/export/xpn/config/install-sh'
libdir='${exec_prefix}/lib'
libexecdir='${exec_prefix}/libexec'
localedir='${datarootdir}/locale'
localstatedir='${prefix}/var'
mandir='${datarootdir}/man'
mkdir_p='$(MKDIR_P)'
oldincludedir='/usr/include'
pdfdir='${docdir}'
prefix='/root/bin//xpn'
program_transform_name='s,x,x,'
psdir='${docdir}'
runstatedir='${localstatedir}/run'
sbindir='${exec_prefix}/sbin'
sharedstatedir='${prefix}/com'
sysconfdir='${prefix}/etc'
target='aarch64-unknown-linux-gnu'
target_alias=''
target_cpu='aarch64'
target_os='linux-gnu'
target_vendor='unknown'

## ----------- ##
## confdefs.h. ##
## ----------- ##

/* confdefs.h */
#define PACKAGE_NAME "Expand"
#define PACKAGE_TARNAME "expand"
#define PACKAGE_VERSION "2.0"
#define PACKAGE_STRING "Expand 2.0"
#define PACKAGE_BUGREPORT "fgcarbal@inf.uc3m.es"
#define PACKAGE_URL ""
#define PACKAGE "expand"
#define VERSION "2.0"
#define HAVE_LIBPTHREAD 1
#define HAVE_SYS_WAIT_H 1
#define HAVE_STDIO_H 1
#define HAVE_STDLIB_H 1
#define HAVE_STRING_H 1
#define HAVE_INTTYPES_H 1
#define HAVE_STDINT_H 1
#define HAVE_STRINGS_H 1
#define HAVE_SYS_STAT_H 1
#define HAVE_SYS_TYPES_H 1
#define HAVE_UNISTD_H 1
#define HAVE_SYS_TIME_H 1
#define STDC_HEADERS 1
#define HAVE_FCNTL_H 1
#define HAVE_STRING_H 1
#define HAVE_STRINGS_H 1
#define HAVE_UNISTD_H 1
#define HAVE_SYS_IOCTL_H 1
#define HAVE_SYS_TIME_H 1
#define HAVE_NETINET_TCP_H 1
#define HAVE_NETINET_IN_H 1
#define HAVE_PTHREAD_H 1
#define HAVE_SYS_PARAM_H 1
#define HAVE_DIRENT_H 1
#define SIZEOF_UNSIGNED_SHORT 2
#define SIZEOF_UNSIGNED 4
#define SIZEOF_UNSIGNED_LONG 8
#define SIZEOF_CHAR_P 8
#define SIZEOF_PTRDIFF_T 8
#define SIZEOF_SIZE_T 8
#define HAVE_VPRINTF 1
#define HAVE_GETHOSTNAME 1
#define HAVE_GETTIMEOFDAY 1
#define HAVE_SELECT 1
#define HAVE_SOCKET 1
#define HAVE_STRDUP 1
#define HAVE_STRERROR 1
#define HAVE_MEMCMP 1
#define HAVE_MEMCPY 1
#define HAVE_MEMMOVE 1
#define HAVE_MEMSET 1

configure: exit 0
